2023-12-14 20:39:42.297  INFO 17160 --- [main] c.e.mscartoes.MscartoesApplication       : Starting MscartoesApplication using Java 17.0.7 on DESKTOP-9IKR4MM with PID 17160 (C:\api-rest\cursomicroservices\mscartoes\target\classes started by Eduardo in C:\api-rest\cursomicroservices\mscartoes)
2023-12-14 20:39:42.299  INFO 17160 --- [main] c.e.mscartoes.MscartoesApplication       : The following 1 profile is active: "local"
2023-12-14 20:39:44.011  INFO 17160 --- [main] .s.d.r.c.RepositoryConfigurationDelegate : Bootstrapping Spring Data JPA repositories in DEFAULT mode.
2023-12-14 20:39:44.224  INFO 17160 --- [main] .s.d.r.c.RepositoryConfigurationDelegate : Finished Spring Data repository scanning in 200 ms. Found 2 JPA repository interfaces.
2023-12-14 20:39:44.714  INFO 17160 --- [main] o.s.cloud.context.scope.GenericScope     : BeanFactory id=d5f45a54-b225-362e-bb8d-e478237ce020
2023-12-14 20:39:45.590  INFO 17160 --- [main] o.s.b.w.embedded.tomcat.TomcatWebServer  : Tomcat initialized with port(s): 0 (http)
2023-12-14 20:39:45.611  INFO 17160 --- [main] o.apache.catalina.core.StandardService   : Starting service [Tomcat]
2023-12-14 20:39:45.611  INFO 17160 --- [main] org.apache.catalina.core.StandardEngine  : Starting Servlet engine: [Apache Tomcat/9.0.60]
2023-12-14 20:39:45.872  INFO 17160 --- [main] o.a.c.c.C.[Tomcat].[localhost].[/]       : Initializing Spring embedded WebApplicationContext
2023-12-14 20:39:45.873  INFO 17160 --- [main] w.s.c.ServletWebServerApplicationContext : Root WebApplicationContext: initialization completed in 3482 ms
2023-12-14 20:39:46.375  INFO 17160 --- [main] com.zaxxer.hikari.HikariDataSource       : HikariPool-1 - Starting...
2023-12-14 20:39:46.746  INFO 17160 --- [main] com.zaxxer.hikari.HikariDataSource       : HikariPool-1 - Start completed.
2023-12-14 20:39:46.860  INFO 17160 --- [main] o.hibernate.jpa.internal.util.LogHelper  : HHH000204: Processing PersistenceUnitInfo [name: default]
2023-12-14 20:39:47.041  INFO 17160 --- [main] org.hibernate.Version                    : HHH000412: Hibernate ORM core version 5.6.7.Final
2023-12-14 20:39:47.390  INFO 17160 --- [main] o.hibernate.annotations.common.Version   : HCANN000001: Hibernate Commons Annotations {5.1.2.Final}
2023-12-14 20:39:47.621  INFO 17160 --- [main] org.hibernate.dialect.Dialect            : HHH000400: Using dialect: org.hibernate.dialect.H2Dialect
2023-12-14 20:39:48.595  INFO 17160 --- [main] o.h.e.t.j.p.i.JtaPlatformInitiator       : HHH000490: Using JtaPlatform implementation: [org.hibernate.engine.transaction.jta.platform.internal.NoJtaPlatform]
2023-12-14 20:39:48.608  INFO 17160 --- [main] j.LocalContainerEntityManagerFactoryBean : Initialized JPA EntityManagerFactory for persistence unit 'default'
2023-12-14 20:39:49.178  WARN 17160 --- [main] JpaBaseConfiguration$JpaWebConfiguration : spring.jpa.open-in-view is enabled by default. Therefore, database queries may be performed during view rendering. Explicitly configure spring.jpa.open-in-view to disable this warning
2023-12-14 20:39:50.526  INFO 17160 --- [main] DiscoveryClientOptionalArgsConfiguration : Eureka HTTP Client uses RestTemplate.
2023-12-14 20:39:50.627  WARN 17160 --- [main] iguration$LoadBalancerCaffeineWarnLogger : Spring Cloud LoadBalancer is currently working with the default cache. While this cache implementation is useful for development and tests, it's recommended to use Caffeine cache in production.You can switch to using Caffeine cache, by adding it and org.springframework.cache.caffeine.CaffeineCacheManager to the classpath.
2023-12-14 20:39:50.642  INFO 17160 --- [main] o.s.b.a.e.web.EndpointLinksResolver      : Exposing 17 endpoint(s) beneath base path '/actuator'
2023-12-14 20:39:50.767  INFO 17160 --- [main] o.s.b.w.embedded.tomcat.TomcatWebServer  : Tomcat started on port(s): 59240 (http) with context path ''
2023-12-14 20:39:50.769  INFO 17160 --- [main] .s.c.n.e.s.EurekaAutoServiceRegistration : Updating port to 59240
2023-12-14 20:39:50.776  INFO 17160 --- [main] o.s.c.n.eureka.InstanceInfoFactory       : Setting initial instance status as: STARTING
2023-12-14 20:39:50.905  INFO 17160 --- [main] com.netflix.discovery.DiscoveryClient    : Initializing Eureka in region us-east-1
2023-12-14 20:39:50.913  INFO 17160 --- [main] c.n.d.s.r.aws.ConfigClusterResolver      : Resolving eureka endpoints via configuration
2023-12-14 20:39:50.941  INFO 17160 --- [main] com.netflix.discovery.DiscoveryClient    : Disable delta property : false
2023-12-14 20:39:50.941  INFO 17160 --- [main] com.netflix.discovery.DiscoveryClient    : Single vip registry refresh property : null
2023-12-14 20:39:50.941  INFO 17160 --- [main] com.netflix.discovery.DiscoveryClient    : Force full registry fetch : false
2023-12-14 20:39:50.941  INFO 17160 --- [main] com.netflix.discovery.DiscoveryClient    : Application is null : false
2023-12-14 20:39:50.942  INFO 17160 --- [main] com.netflix.discovery.DiscoveryClient    : Registered Applications size is zero : true
2023-12-14 20:39:50.942  INFO 17160 --- [main] com.netflix.discovery.DiscoveryClient    : Application version is -1: true
2023-12-14 20:39:50.942  INFO 17160 --- [main] com.netflix.discovery.DiscoveryClient    : Getting all instance registry info from the eureka server
2023-12-14 20:39:51.461  INFO 17160 --- [main] com.netflix.discovery.DiscoveryClient    : The response status is 200
2023-12-14 20:39:51.465  INFO 17160 --- [main] com.netflix.discovery.DiscoveryClient    : Starting heartbeat executor: renew interval is: 30
2023-12-14 20:39:51.469  INFO 17160 --- [main] c.n.discovery.InstanceInfoReplicator     : InstanceInfoReplicator onDemand update allowed rate per min is 4
2023-12-14 20:39:51.477  INFO 17160 --- [main] com.netflix.discovery.DiscoveryClient    : Discovery Client initialized at timestamp 1702597191475 with initial instances count: 3
2023-12-14 20:39:51.479  INFO 17160 --- [main] o.s.c.n.e.s.EurekaServiceRegistry        : Registering application MSCARTOES with eureka with status UP
2023-12-14 20:39:51.480  INFO 17160 --- [main] com.netflix.discovery.DiscoveryClient    : Saw local status change event StatusChangeEvent [timestamp=1702597191480, current=UP, previous=STARTING]
2023-12-14 20:39:51.482  INFO 17160 --- [DiscoveryClient-InstanceInfoReplicator-0] com.netflix.discovery.DiscoveryClient    : DiscoveryClient_MSCARTOES/mscartoes:644c36ce97ad1528ec09953be6df74d6: registering service...
2023-12-14 20:39:51.536  INFO 17160 --- [main] o.s.a.r.c.CachingConnectionFactory       : Attempting to connect to: [localhost:5672]
2023-12-14 20:39:51.624  INFO 17160 --- [main] o.s.a.r.c.CachingConnectionFactory       : Created new connection: rabbitConnectionFactory#57063e08:0/SimpleConnection@20305c45 [delegate=amqp://guest@127.0.0.1:5672/, localPort= 59243]
2023-12-14 20:39:51.635  INFO 17160 --- [DiscoveryClient-InstanceInfoReplicator-0] com.netflix.discovery.DiscoveryClient    : DiscoveryClient_MSCARTOES/mscartoes:644c36ce97ad1528ec09953be6df74d6 - registration status: 204
2023-12-14 20:39:51.745  INFO 17160 --- [main] c.e.mscartoes.MscartoesApplication       : Started MscartoesApplication in 10.256 seconds (JVM running for 12.614)
2023-12-14 20:41:35.926  INFO 17160 --- [SpringApplicationShutdownHook] o.s.c.n.e.s.EurekaServiceRegistry        : Unregistering application MSCARTOES with eureka with status DOWN
2023-12-14 20:41:35.926  INFO 17160 --- [SpringApplicationShutdownHook] com.netflix.discovery.DiscoveryClient    : Saw local status change event StatusChangeEvent [timestamp=1702597295926, current=DOWN, previous=UP]
2023-12-14 20:41:35.927  INFO 17160 --- [DiscoveryClient-InstanceInfoReplicator-0] com.netflix.discovery.DiscoveryClient    : DiscoveryClient_MSCARTOES/mscartoes:644c36ce97ad1528ec09953be6df74d6: registering service...
2023-12-14 20:41:35.934  INFO 17160 --- [SpringApplicationShutdownHook] o.s.a.r.l.SimpleMessageListenerContainer : Waiting for workers to finish.
2023-12-14 20:41:35.936  INFO 17160 --- [DiscoveryClient-InstanceInfoReplicator-0] com.netflix.discovery.DiscoveryClient    : DiscoveryClient_MSCARTOES/mscartoes:644c36ce97ad1528ec09953be6df74d6 - registration status: 204
2023-12-14 20:41:36.632  INFO 17160 --- [SpringApplicationShutdownHook] o.s.a.r.l.SimpleMessageListenerContainer : Successfully waited for workers to finish.
2023-12-14 20:41:36.679  INFO 17160 --- [SpringApplicationShutdownHook] j.LocalContainerEntityManagerFactoryBean : Closing JPA EntityManagerFactory for persistence unit 'default'
2023-12-14 20:41:36.679  INFO 17160 --- [SpringApplicationShutdownHook] .SchemaDropperImpl$DelayedDropActionImpl : HHH000477: Starting delayed evictData of schema as part of SessionFactory shut-down'
2023-12-14 20:41:36.689  INFO 17160 --- [SpringApplicationShutdownHook] com.zaxxer.hikari.HikariDataSource       : HikariPool-1 - Shutdown initiated...
2023-12-14 20:41:36.692  INFO 17160 --- [SpringApplicationShutdownHook] com.zaxxer.hikari.HikariDataSource       : HikariPool-1 - Shutdown completed.
2023-12-14 20:41:36.695  INFO 17160 --- [SpringApplicationShutdownHook] com.netflix.discovery.DiscoveryClient    : Shutting down DiscoveryClient ...
2023-12-14 20:41:39.703  INFO 17160 --- [SpringApplicationShutdownHook] com.netflix.discovery.DiscoveryClient    : Unregistering ...
2023-12-14 20:41:39.711  INFO 17160 --- [SpringApplicationShutdownHook] com.netflix.discovery.DiscoveryClient    : DiscoveryClient_MSCARTOES/mscartoes:644c36ce97ad1528ec09953be6df74d6 - deregister  status: 200
2023-12-14 20:41:39.717  INFO 17160 --- [SpringApplicationShutdownHook] com.netflix.discovery.DiscoveryClient    : Completed shut down of DiscoveryClient
2023-12-14 20:44:09.218  INFO 11500 --- [main] c.e.mscartoes.MscartoesApplication       : Starting MscartoesApplication using Java 17.0.7 on DESKTOP-9IKR4MM with PID 11500 (C:\api-rest\cursomicroservices\mscartoes\target\classes started by Eduardo in C:\api-rest\cursomicroservices\mscartoes)
2023-12-14 20:44:09.220  INFO 11500 --- [main] c.e.mscartoes.MscartoesApplication       : No active profile set, falling back to 1 default profile: "default"
2023-12-14 20:44:10.654  INFO 11500 --- [main] .s.d.r.c.RepositoryConfigurationDelegate : Bootstrapping Spring Data JPA repositories in DEFAULT mode.
2023-12-14 20:44:10.876  INFO 11500 --- [main] .s.d.r.c.RepositoryConfigurationDelegate : Finished Spring Data repository scanning in 208 ms. Found 2 JPA repository interfaces.
2023-12-14 20:44:11.260  INFO 11500 --- [main] o.s.cloud.context.scope.GenericScope     : BeanFactory id=d5f45a54-b225-362e-bb8d-e478237ce020
2023-12-14 20:44:11.985  INFO 11500 --- [main] o.s.b.w.embedded.tomcat.TomcatWebServer  : Tomcat initialized with port(s): 0 (http)
2023-12-14 20:44:12.001  INFO 11500 --- [main] o.apache.catalina.core.StandardService   : Starting service [Tomcat]
2023-12-14 20:44:12.002  INFO 11500 --- [main] org.apache.catalina.core.StandardEngine  : Starting Servlet engine: [Apache Tomcat/9.0.60]
2023-12-14 20:44:12.232  INFO 11500 --- [main] o.a.c.c.C.[Tomcat].[localhost].[/]       : Initializing Spring embedded WebApplicationContext
2023-12-14 20:44:12.233  INFO 11500 --- [main] w.s.c.ServletWebServerApplicationContext : Root WebApplicationContext: initialization completed in 2926 ms
2023-12-14 20:44:12.668  INFO 11500 --- [main] com.zaxxer.hikari.HikariDataSource       : HikariPool-1 - Starting...
2023-12-14 20:44:12.915  INFO 11500 --- [main] com.zaxxer.hikari.HikariDataSource       : HikariPool-1 - Start completed.
2023-12-14 20:44:12.988  INFO 11500 --- [main] o.hibernate.jpa.internal.util.LogHelper  : HHH000204: Processing PersistenceUnitInfo [name: default]
2023-12-14 20:44:13.075  INFO 11500 --- [main] org.hibernate.Version                    : HHH000412: Hibernate ORM core version 5.6.7.Final
2023-12-14 20:44:13.340  INFO 11500 --- [main] o.hibernate.annotations.common.Version   : HCANN000001: Hibernate Commons Annotations {5.1.2.Final}
2023-12-14 20:44:13.530  INFO 11500 --- [main] org.hibernate.dialect.Dialect            : HHH000400: Using dialect: org.hibernate.dialect.H2Dialect
2023-12-14 20:44:14.389  INFO 11500 --- [main] o.h.e.t.j.p.i.JtaPlatformInitiator       : HHH000490: Using JtaPlatform implementation: [org.hibernate.engine.transaction.jta.platform.internal.NoJtaPlatform]
2023-12-14 20:44:14.401  INFO 11500 --- [main] j.LocalContainerEntityManagerFactoryBean : Initialized JPA EntityManagerFactory for persistence unit 'default'
2023-12-14 20:44:15.014  WARN 11500 --- [main] JpaBaseConfiguration$JpaWebConfiguration : spring.jpa.open-in-view is enabled by default. Therefore, database queries may be performed during view rendering. Explicitly configure spring.jpa.open-in-view to disable this warning
2023-12-14 20:44:16.313  INFO 11500 --- [main] DiscoveryClientOptionalArgsConfiguration : Eureka HTTP Client uses RestTemplate.
2023-12-14 20:44:16.415  WARN 11500 --- [main] iguration$LoadBalancerCaffeineWarnLogger : Spring Cloud LoadBalancer is currently working with the default cache. While this cache implementation is useful for development and tests, it's recommended to use Caffeine cache in production.You can switch to using Caffeine cache, by adding it and org.springframework.cache.caffeine.CaffeineCacheManager to the classpath.
2023-12-14 20:44:16.422  INFO 11500 --- [main] o.s.b.a.e.web.EndpointLinksResolver      : Exposing 17 endpoint(s) beneath base path '/actuator'
2023-12-14 20:44:16.563  INFO 11500 --- [main] o.s.b.w.embedded.tomcat.TomcatWebServer  : Tomcat started on port(s): 59530 (http) with context path ''
2023-12-14 20:44:16.566  INFO 11500 --- [main] .s.c.n.e.s.EurekaAutoServiceRegistration : Updating port to 59530
2023-12-14 20:44:16.575  INFO 11500 --- [main] o.s.c.n.eureka.InstanceInfoFactory       : Setting initial instance status as: STARTING
2023-12-14 20:44:16.671  INFO 11500 --- [main] com.netflix.discovery.DiscoveryClient    : Initializing Eureka in region us-east-1
2023-12-14 20:44:16.677  INFO 11500 --- [main] c.n.d.s.r.aws.ConfigClusterResolver      : Resolving eureka endpoints via configuration
2023-12-14 20:44:16.707  INFO 11500 --- [main] com.netflix.discovery.DiscoveryClient    : Disable delta property : false
2023-12-14 20:44:16.707  INFO 11500 --- [main] com.netflix.discovery.DiscoveryClient    : Single vip registry refresh property : null
2023-12-14 20:44:16.707  INFO 11500 --- [main] com.netflix.discovery.DiscoveryClient    : Force full registry fetch : false
2023-12-14 20:44:16.708  INFO 11500 --- [main] com.netflix.discovery.DiscoveryClient    : Application is null : false
2023-12-14 20:44:16.708  INFO 11500 --- [main] com.netflix.discovery.DiscoveryClient    : Registered Applications size is zero : true
2023-12-14 20:44:16.708  INFO 11500 --- [main] com.netflix.discovery.DiscoveryClient    : Application version is -1: true
2023-12-14 20:44:16.708  INFO 11500 --- [main] com.netflix.discovery.DiscoveryClient    : Getting all instance registry info from the eureka server
2023-12-14 20:44:17.193  INFO 11500 --- [main] com.netflix.discovery.DiscoveryClient    : The response status is 200
2023-12-14 20:44:17.198  INFO 11500 --- [main] com.netflix.discovery.DiscoveryClient    : Starting heartbeat executor: renew interval is: 30
2023-12-14 20:44:17.202  INFO 11500 --- [main] c.n.discovery.InstanceInfoReplicator     : InstanceInfoReplicator onDemand update allowed rate per min is 4
2023-12-14 20:44:17.209  INFO 11500 --- [main] com.netflix.discovery.DiscoveryClient    : Discovery Client initialized at timestamp 1702597457207 with initial instances count: 3
2023-12-14 20:44:17.211  INFO 11500 --- [main] o.s.c.n.e.s.EurekaServiceRegistry        : Registering application MSCARTOES with eureka with status UP
