2023-12-11 21:49:10.005  INFO 7944 --- [main] c.e.msclientes.MsclientesApplication     : Starting MsclientesApplication using Java 17.0.7 on DESKTOP-9IKR4MM with PID 7944 (C:\api-rest\cursomicroservices\msclientes\target\classes started by Eduardo in C:\api-rest\cursomicroservices\msclientes)
2023-12-11 21:49:10.010  INFO 7944 --- [main] c.e.msclientes.MsclientesApplication     : No active profile set, falling back to 1 default profile: "default"
2023-12-11 21:49:11.370  INFO 7944 --- [main] .s.d.r.c.RepositoryConfigurationDelegate : Bootstrapping Spring Data JPA repositories in DEFAULT mode.
2023-12-11 21:49:11.587  INFO 7944 --- [main] .s.d.r.c.RepositoryConfigurationDelegate : Finished Spring Data repository scanning in 201 ms. Found 1 JPA repository interfaces.
2023-12-11 21:49:11.951  INFO 7944 --- [main] o.s.cloud.context.scope.GenericScope     : BeanFactory id=5cfb6068-dde3-3dee-83d1-97f9823ffbf2
2023-12-11 21:49:12.651  INFO 7944 --- [main] o.s.b.w.embedded.tomcat.TomcatWebServer  : Tomcat initialized with port(s): 0 (http)
2023-12-11 21:49:12.666  INFO 7944 --- [main] o.apache.catalina.core.StandardService   : Starting service [Tomcat]
2023-12-11 21:49:12.666  INFO 7944 --- [main] org.apache.catalina.core.StandardEngine  : Starting Servlet engine: [Apache Tomcat/9.0.60]
2023-12-11 21:49:12.894  INFO 7944 --- [main] o.a.c.c.C.[Tomcat].[localhost].[/]       : Initializing Spring embedded WebApplicationContext
2023-12-11 21:49:12.894  INFO 7944 --- [main] w.s.c.ServletWebServerApplicationContext : Root WebApplicationContext: initialization completed in 2808 ms
2023-12-11 21:49:13.372  INFO 7944 --- [main] com.zaxxer.hikari.HikariDataSource       : HikariPool-1 - Starting...
2023-12-11 21:49:13.631  INFO 7944 --- [main] com.zaxxer.hikari.HikariDataSource       : HikariPool-1 - Start completed.
2023-12-11 21:49:13.722  INFO 7944 --- [main] o.hibernate.jpa.internal.util.LogHelper  : HHH000204: Processing PersistenceUnitInfo [name: default]
2023-12-11 21:49:13.831  INFO 7944 --- [main] org.hibernate.Version                    : HHH000412: Hibernate ORM core version 5.6.7.Final
2023-12-11 21:49:14.124  INFO 7944 --- [main] o.hibernate.annotations.common.Version   : HCANN000001: Hibernate Commons Annotations {5.1.2.Final}
2023-12-11 21:49:14.355  INFO 7944 --- [main] org.hibernate.dialect.Dialect            : HHH000400: Using dialect: org.hibernate.dialect.H2Dialect
2023-12-11 21:49:15.083  INFO 7944 --- [main] o.h.e.t.j.p.i.JtaPlatformInitiator       : HHH000490: Using JtaPlatform implementation: [org.hibernate.engine.transaction.jta.platform.internal.NoJtaPlatform]
2023-12-11 21:49:15.093  INFO 7944 --- [main] j.LocalContainerEntityManagerFactoryBean : Initialized JPA EntityManagerFactory for persistence unit 'default'
2023-12-11 21:49:15.617  WARN 7944 --- [main] JpaBaseConfiguration$JpaWebConfiguration : spring.jpa.open-in-view is enabled by default. Therefore, database queries may be performed during view rendering. Explicitly configure spring.jpa.open-in-view to disable this warning
2023-12-11 21:49:16.601  INFO 7944 --- [main] DiscoveryClientOptionalArgsConfiguration : Eureka HTTP Client uses RestTemplate.
2023-12-11 21:49:16.693  WARN 7944 --- [main] iguration$LoadBalancerCaffeineWarnLogger : Spring Cloud LoadBalancer is currently working with the default cache. While this cache implementation is useful for development and tests, it's recommended to use Caffeine cache in production.You can switch to using Caffeine cache, by adding it and org.springframework.cache.caffeine.CaffeineCacheManager to the classpath.
2023-12-11 21:49:16.711  INFO 7944 --- [main] o.s.b.a.e.web.EndpointLinksResolver      : Exposing 17 endpoint(s) beneath base path '/actuator'
2023-12-11 21:49:16.794  INFO 7944 --- [main] o.s.b.w.embedded.tomcat.TomcatWebServer  : Tomcat started on port(s): 55695 (http) with context path ''
2023-12-11 21:49:16.796  INFO 7944 --- [main] .s.c.n.e.s.EurekaAutoServiceRegistration : Updating port to 55695
2023-12-11 21:49:16.805  INFO 7944 --- [main] o.s.c.n.eureka.InstanceInfoFactory       : Setting initial instance status as: STARTING
2023-12-11 21:49:16.929  INFO 7944 --- [main] com.netflix.discovery.DiscoveryClient    : Initializing Eureka in region us-east-1
2023-12-11 21:49:16.938  INFO 7944 --- [main] c.n.d.s.r.aws.ConfigClusterResolver      : Resolving eureka endpoints via configuration
2023-12-11 21:49:16.985  INFO 7944 --- [main] com.netflix.discovery.DiscoveryClient    : Disable delta property : false
2023-12-11 21:49:16.985  INFO 7944 --- [main] com.netflix.discovery.DiscoveryClient    : Single vip registry refresh property : null
2023-12-11 21:49:16.985  INFO 7944 --- [main] com.netflix.discovery.DiscoveryClient    : Force full registry fetch : false
2023-12-11 21:49:16.986  INFO 7944 --- [main] com.netflix.discovery.DiscoveryClient    : Application is null : false
2023-12-11 21:49:16.986  INFO 7944 --- [main] com.netflix.discovery.DiscoveryClient    : Registered Applications size is zero : true
2023-12-11 21:49:16.986  INFO 7944 --- [main] com.netflix.discovery.DiscoveryClient    : Application version is -1: true
2023-12-11 21:49:16.986  INFO 7944 --- [main] com.netflix.discovery.DiscoveryClient    : Getting all instance registry info from the eureka server
2023-12-11 21:49:17.587  INFO 7944 --- [main] com.netflix.discovery.DiscoveryClient    : The response status is 200
2023-12-11 21:49:17.589  INFO 7944 --- [main] com.netflix.discovery.DiscoveryClient    : Starting heartbeat executor: renew interval is: 30
2023-12-11 21:49:17.595  INFO 7944 --- [main] c.n.discovery.InstanceInfoReplicator     : InstanceInfoReplicator onDemand update allowed rate per min is 4
2023-12-11 21:49:17.606  INFO 7944 --- [main] com.netflix.discovery.DiscoveryClient    : Discovery Client initialized at timestamp 1702342157604 with initial instances count: 0
2023-12-11 21:49:17.609  INFO 7944 --- [main] o.s.c.n.e.s.EurekaServiceRegistry        : Registering application MSCLIENTES with eureka with status UP
2023-12-11 21:49:17.610  INFO 7944 --- [main] com.netflix.discovery.DiscoveryClient    : Saw local status change event StatusChangeEvent [timestamp=1702342157610, current=UP, previous=STARTING]
2023-12-11 21:49:17.613  INFO 7944 --- [DiscoveryClient-InstanceInfoReplicator-0] com.netflix.discovery.DiscoveryClient    : DiscoveryClient_MSCLIENTES/msclientes:fc7ac1c618a7f4ef62a2994aac2f01d1: registering service...
2023-12-11 21:49:17.695  INFO 7944 --- [main] c.e.msclientes.MsclientesApplication     : Started MsclientesApplication in 8.479 seconds (JVM running for 9.186)
2023-12-11 21:49:17.752  INFO 7944 --- [DiscoveryClient-InstanceInfoReplicator-0] com.netflix.discovery.DiscoveryClient    : DiscoveryClient_MSCLIENTES/msclientes:fc7ac1c618a7f4ef62a2994aac2f01d1 - registration status: 204
2023-12-11 21:49:47.597  INFO 7944 --- [DiscoveryClient-CacheRefreshExecutor-0] com.netflix.discovery.DiscoveryClient    : Disable delta property : false
2023-12-11 21:49:47.598  INFO 7944 --- [DiscoveryClient-CacheRefreshExecutor-0] com.netflix.discovery.DiscoveryClient    : Single vip registry refresh property : null
2023-12-11 21:49:47.598  INFO 7944 --- [DiscoveryClient-CacheRefreshExecutor-0] com.netflix.discovery.DiscoveryClient    : Force full registry fetch : false
2023-12-11 21:49:47.598  INFO 7944 --- [DiscoveryClient-CacheRefreshExecutor-0] com.netflix.discovery.DiscoveryClient    : Application is null : false
2023-12-11 21:49:47.598  INFO 7944 --- [DiscoveryClient-CacheRefreshExecutor-0] com.netflix.discovery.DiscoveryClient    : Registered Applications size is zero : true
2023-12-11 21:49:47.599  INFO 7944 --- [DiscoveryClient-CacheRefreshExecutor-0] com.netflix.discovery.DiscoveryClient    : Application version is -1: false
2023-12-11 21:49:47.599  INFO 7944 --- [DiscoveryClient-CacheRefreshExecutor-0] com.netflix.discovery.DiscoveryClient    : Getting all instance registry info from the eureka server
2023-12-11 21:49:47.625  INFO 7944 --- [DiscoveryClient-CacheRefreshExecutor-0] com.netflix.discovery.DiscoveryClient    : The response status is 200
2023-12-11 21:49:53.556  INFO 7944 --- [http-nio-auto-1-exec-1] o.a.c.c.C.[Tomcat].[localhost].[/]       : Initializing Spring DispatcherServlet 'dispatcherServlet'
2023-12-11 21:49:53.557  INFO 7944 --- [http-nio-auto-1-exec-1] o.s.web.servlet.DispatcherServlet        : Initializing Servlet 'dispatcherServlet'
2023-12-11 21:49:53.559  INFO 7944 --- [http-nio-auto-1-exec-1] o.s.web.servlet.DispatcherServlet        : Completed initialization in 2 ms
2023-12-11 21:54:16.995  INFO 7944 --- [AsyncResolver-bootstrap-executor-0] c.n.d.s.r.aws.ConfigClusterResolver      : Resolving eureka endpoints via configuration
2023-12-11 21:55:45.535  INFO 7944 --- [SpringApplicationShutdownHook] o.s.c.n.e.s.EurekaServiceRegistry        : Unregistering application MSCLIENTES with eureka with status DOWN
2023-12-11 21:55:45.536  INFO 7944 --- [SpringApplicationShutdownHook] com.netflix.discovery.DiscoveryClient    : Saw local status change event StatusChangeEvent [timestamp=1702342545536, current=DOWN, previous=UP]
2023-12-11 21:55:45.536  INFO 7944 --- [DiscoveryClient-InstanceInfoReplicator-0] com.netflix.discovery.DiscoveryClient    : DiscoveryClient_MSCLIENTES/msclientes:fc7ac1c618a7f4ef62a2994aac2f01d1: registering service...
2023-12-11 21:55:45.544  INFO 7944 --- [DiscoveryClient-InstanceInfoReplicator-0] com.netflix.discovery.DiscoveryClient    : DiscoveryClient_MSCLIENTES/msclientes:fc7ac1c618a7f4ef62a2994aac2f01d1 - registration status: 204
2023-12-11 21:55:45.559  INFO 7944 --- [SpringApplicationShutdownHook] j.LocalContainerEntityManagerFactoryBean : Closing JPA EntityManagerFactory for persistence unit 'default'
2023-12-11 21:55:45.559  INFO 7944 --- [SpringApplicationShutdownHook] .SchemaDropperImpl$DelayedDropActionImpl : HHH000477: Starting delayed evictData of schema as part of SessionFactory shut-down'
2023-12-11 21:55:45.565  INFO 7944 --- [SpringApplicationShutdownHook] com.zaxxer.hikari.HikariDataSource       : HikariPool-1 - Shutdown initiated...
2023-12-11 21:55:45.568  INFO 7944 --- [SpringApplicationShutdownHook] com.zaxxer.hikari.HikariDataSource       : HikariPool-1 - Shutdown completed.
2023-12-11 21:55:45.570  INFO 7944 --- [SpringApplicationShutdownHook] com.netflix.discovery.DiscoveryClient    : Shutting down DiscoveryClient ...
2023-12-11 21:55:48.587  WARN 7944 --- [DiscoveryClient-0] c.netflix.discovery.TimedSupervisorTask  : task supervisor shutting down, can't accept the task
2023-12-11 21:55:48.589  INFO 7944 --- [SpringApplicationShutdownHook] com.netflix.discovery.DiscoveryClient    : Unregistering ...
2023-12-11 21:55:48.595  INFO 7944 --- [SpringApplicationShutdownHook] com.netflix.discovery.DiscoveryClient    : DiscoveryClient_MSCLIENTES/msclientes:fc7ac1c618a7f4ef62a2994aac2f01d1 - deregister  status: 200
2023-12-11 21:55:48.600  INFO 7944 --- [SpringApplicationShutdownHook] com.netflix.discovery.DiscoveryClient    : Completed shut down of DiscoveryClient
